TN:
SF:src/domain/category.entity.ts
FN:13,<instance_members_initializer>
FN:20,Category
FN:28,create
FN:32,changeName
FN:38,changeDescription
FN:43,enable
FN:49,disable
FNF:7
FNH:7
FNDA:5,<instance_members_initializer>
FNDA:5,Category
FNDA:5,create
FNDA:1,changeName
FNDA:1,changeDescription
FNDA:1,enable
FNDA:1,disable
DA:1,1
DA:2,1
DA:3,1
DA:4,1
DA:5,1
DA:6,1
DA:7,1
DA:8,1
DA:9,1
DA:10,1
DA:11,1
DA:12,1
DA:13,1
DA:14,5
DA:15,5
DA:16,5
DA:17,5
DA:18,5
DA:19,5
DA:20,5
DA:21,5
DA:22,5
DA:23,5
DA:24,5
DA:25,5
DA:26,5
DA:27,5
DA:28,5
DA:29,5
DA:30,5
DA:31,5
DA:32,5
DA:33,1
DA:34,1
DA:35,1
DA:36,5
DA:37,5
DA:38,5
DA:39,1
DA:40,1
DA:41,1
DA:42,5
DA:43,5
DA:44,1
DA:45,1
DA:46,1
DA:47,5
DA:48,5
DA:49,5
DA:50,1
DA:51,1
DA:52,1
DA:53,5
LF:53
LH:53
BRDA:13,0,0,5
BRDA:20,1,0,5
BRDA:24,2,0,4
BRDA:28,3,0,5
BRDA:32,4,0,1
BRDA:38,5,0,1
BRDA:43,6,0,1
BRDA:49,7,0,1
BRF:8
BRH:8
end_of_record
